<?xml version="1.0" encoding="UTF-8"?>
<testsuites>
  <testsuite name="performing_a_yahoo_search1" timestamp="2019-07-03T18:54:14" time="2.751" tests="0" failures="0" errors="0" skipped="0">
    <properties>
      <property name="specId" value="4c2a3e29bbfc4da074627b5be1f63801"/>
      <property name="suiteName" value="Performing a Yahoo Search1"/>
      <property name="capabilities" value="firefox"/>
    </properties>
  </testsuite>
  <testsuite name="performing_a_search_operation11" timestamp="2019-07-03T18:54:14" time="1.564" tests="4" failures="0" errors="1" skipped="3">
    <properties>
      <property name="specId" value="4c2a3e29bbfc4da074627b5be1f63801"/>
      <property name="suiteName" value="Performing a search operation11"/>
      <property name="capabilities" value="firefox"/>
    </properties>
    <testcase classname="firefox.Performing a search operation11" name="I am on the search page9" time="11.95">
      <error message="&#xA;expected 'Yahoo is now part of Oath' to equal 'Yahoo Search - Web Search'&#xA;"/>
      <system-err>
        <![CDATA[
AssertionError: expected 'Yahoo is now part of Oath' to equal 'Yahoo Search - Web Search'
    at World.<anonymous> (D:/NodeJsWorkspace/webdriverIO-with-cucumberBDD/test/stepDefinitions/given.js:11:31)
    at D:\NodeJsWorkspace\webdriverIO-with-cucumberBDD\node_modules\wdio-sync\build\index.js:594:26
    at new Promise (<anonymous>)
    at new F (D:\NodeJsWorkspace\webdriverIO-with-cucumberBDD\node_modules\core-js\library\modules\_export.js:36:28)
    at World.executeSync (D:\NodeJsWorkspace\webdriverIO-with-cucumberBDD\node_modules\wdio-sync\build\index.js:592:12)
    at D:\NodeJsWorkspace\webdriverIO-with-cucumberBDD\node_modules\wdio-sync\build\index.js:214:29
]]>
      </system-err>
    </testcase>
    <testcase classname="firefox.Performing a search operation11" name="I enter &quot;Selenium Webdriver&quot; into the search box12" time="0">
      <skipped/>
    </testcase>
    <testcase classname="firefox.Performing a search operation11" name="I click the search button13" time="0">
      <skipped/>
    </testcase>
    <testcase classname="firefox.Performing a search operation11" name="I should see a list of search results14" time="0">
      <skipped/>
    </testcase>
  </testsuite>
  <testsuite name="performing_a_search_operation_with_passing_test_data_as_data_table23" timestamp="2019-07-03T18:54:16" time="1.173" tests="4" failures="0" errors="1" skipped="3">
    <properties>
      <property name="specId" value="4c2a3e29bbfc4da074627b5be1f63801"/>
      <property name="suiteName" value="Performing a search operation with passing test data as data table23"/>
      <property name="capabilities" value="firefox"/>
    </properties>
    <testcase classname="firefox.Performing a search operation with passing test data as data table23" name="I am on the search page9" time="10.381">
      <error message="&#xA;expected 'Yahoo is now part of Oath' to equal 'Yahoo Search - Web Search'&#xA;"/>
      <system-err>
        <![CDATA[
AssertionError: expected 'Yahoo is now part of Oath' to equal 'Yahoo Search - Web Search'
    at World.<anonymous> (D:/NodeJsWorkspace/webdriverIO-with-cucumberBDD/test/stepDefinitions/given.js:11:31)
    at D:\NodeJsWorkspace\webdriverIO-with-cucumberBDD\node_modules\wdio-sync\build\index.js:594:26
    at new Promise (<anonymous>)
    at new F (D:\NodeJsWorkspace\webdriverIO-with-cucumberBDD\node_modules\core-js\library\modules\_export.js:36:28)
    at World.executeSync (D:\NodeJsWorkspace\webdriverIO-with-cucumberBDD\node_modules\wdio-sync\build\index.js:592:12)
    at D:\NodeJsWorkspace\webdriverIO-with-cucumberBDD\node_modules\wdio-sync\build\index.js:214:29
]]>
      </system-err>
    </testcase>
    <testcase classname="firefox.Performing a search operation with passing test data as data table23" name="I enter &quot;Selenium Webdriver&quot; into the search box17" time="0">
      <skipped/>
    </testcase>
    <testcase classname="firefox.Performing a search operation with passing test data as data table23" name="I click the search button18" time="0">
      <skipped/>
    </testcase>
    <testcase classname="firefox.Performing a search operation with passing test data as data table23" name="I should see a list of search results19" time="0">
      <skipped/>
    </testcase>
  </testsuite>
</testsuites>