<?xml version='1.0'?>
<ns2:test-suite xmlns:ns2='urn:model.allure.qatools.yandex.ru' start='1560186099192' stop='1560186100363'>
    <name>Performing a Yahoo Search Performing a search operation with passing test data as data table</name>
    <title>Performing a Yahoo Search Performing a search operation with passing test data as data table</title>
    <test-cases>
        <test-case start='1560186099192' status='failed' stop='1560186100353'>
            <name>I am on the search page</name>
            <title>I am on the search page</title>
            <labels>
                <label name='feature' value='Performing a Yahoo Search'/>
                <label name='story' value='Performing a search operation with passing test data as data table'/>
                <label name='language' value='javascript'/>
                <label name='framework' value='wdio'/>
            </labels>
            <parameters>
                <parameter kind='argument' name='browser' value='chrome'/>
                <parameter kind='environment-variable' name='capabilities' value='{"browserName":"chrome","maxInstances":"5"}'/>
                <parameter kind='environment-variable' name='spec files' value='["D:\\NodeJsWorkspace\\webdriverIO-with-cucumberBDD\\test\\features\\yahoo-search.feature"]'/>
            </parameters>
            <steps>
                <step start='1560186099192' status='passed' stop='1560186099341'>
                    <name>POST /wd/hub/session/072923e4304469148f9a0d8a67dd1e41/url</name>
                    <title>POST /wd/hub/session/072923e4304469148f9a0d8a67dd1e41/url</title>
                    <attachments>
                        <attachment title='Request' source='18585b10-8e5b-43fe-ad3b-cb9d807eb76a-attachment.json' type='application/json' size='42'/>
                        <attachment title='Response' source='a13fc197-0e27-41b6-abd2-4dd6cb519986-attachment.json' type='application/json' size='91'/>
                    </attachments>
                    <steps/>
                </step>
                <step start='1560186100344' status='passed' stop='1560186100351'>
                    <name>GET /wd/hub/session/072923e4304469148f9a0d8a67dd1e41/title</name>
                    <title>GET /wd/hub/session/072923e4304469148f9a0d8a67dd1e41/title</title>
                    <attachments>
                        <attachment title='Response' source='5fddb330-008c-411a-a31a-f0ce298d635e-attachment.json' type='application/json' size='114'/>
                    </attachments>
                    <steps/>
                </step>
            </steps>
            <attachments/>
            <failure>
                <message>expected 'Yahoo is now part of Oath' to equal 'Yahoo Search - Web Search'</message>
                <stack-trace>AssertionError: expected 'Yahoo is now part of Oath' to equal 'Yahoo Search - Web Search'
                    at World.&lt;anonymous> (D:/NodeJsWorkspace/webdriverIO-with-cucumberBDD/test/stepDefinitions/given.js:11:31)
                    at D:\NodeJsWorkspace\webdriverIO-with-cucumberBDD\node_modules\wdio-sync\build\index.js:594:26
                    at new Promise (&lt;anonymous>)
                    at new F (D:\NodeJsWorkspace\webdriverIO-with-cucumberBDD\node_modules\core-js\library\modules\_export.js:36:28)
                    at World.executeSync (D:\NodeJsWorkspace\webdriverIO-with-cucumberBDD\node_modules\wdio-sync\build\index.js:592:12)
                    at D:\NodeJsWorkspace\webdriverIO-with-cucumberBDD\node_modules\wdio-sync\build\index.js:214:29</stack-trace>
            </failure>
        </test-case>
        <test-case start='1560186100355' status='pending' stop='1560186100356'>
            <name>I enter "Selenium Webdriver" into the search box</name>
            <title>I enter "Selenium Webdriver" into the search box</title>
            <labels>
                <label name='feature' value='Performing a Yahoo Search'/>
                <label name='story' value='Performing a search operation with passing test data as data table'/>
                <label name='language' value='javascript'/>
                <label name='framework' value='wdio'/>
            </labels>
            <parameters>
                <parameter kind='argument' name='browser' value='chrome'/>
                <parameter kind='environment-variable' name='capabilities' value='{"browserName":"chrome","maxInstances":"5"}'/>
                <parameter kind='environment-variable' name='spec files' value='["D:\\NodeJsWorkspace\\webdriverIO-with-cucumberBDD\\test\\features\\yahoo-search.feature"]'/>
            </parameters>
            <steps/>
            <attachments/>
        </test-case>
        <test-case start='1560186100357' status='pending' stop='1560186100358'>
            <name>I click the search button</name>
            <title>I click the search button</title>
            <labels>
                <label name='feature' value='Performing a Yahoo Search'/>
                <label name='story' value='Performing a search operation with passing test data as data table'/>
                <label name='language' value='javascript'/>
                <label name='framework' value='wdio'/>
            </labels>
            <parameters>
                <parameter kind='argument' name='browser' value='chrome'/>
                <parameter kind='environment-variable' name='capabilities' value='{"browserName":"chrome","maxInstances":"5"}'/>
                <parameter kind='environment-variable' name='spec files' value='["D:\\NodeJsWorkspace\\webdriverIO-with-cucumberBDD\\test\\features\\yahoo-search.feature"]'/>
            </parameters>
            <steps/>
            <attachments/>
        </test-case>
        <test-case start='1560186100359' status='pending' stop='1560186100361'>
            <name>I should see a list of search results</name>
            <title>I should see a list of search results</title>
            <labels>
                <label name='feature' value='Performing a Yahoo Search'/>
                <label name='story' value='Performing a search operation with passing test data as data table'/>
                <label name='language' value='javascript'/>
                <label name='framework' value='wdio'/>
            </labels>
            <parameters>
                <parameter kind='argument' name='browser' value='chrome'/>
                <parameter kind='environment-variable' name='capabilities' value='{"browserName":"chrome","maxInstances":"5"}'/>
                <parameter kind='environment-variable' name='spec files' value='["D:\\NodeJsWorkspace\\webdriverIO-with-cucumberBDD\\test\\features\\yahoo-search.feature"]'/>
            </parameters>
            <steps/>
            <attachments/>
        </test-case>
    </test-cases>
</ns2:test-suite>